Using pre-set license
Built from '2020.3/staging' branch; Version is '2020.3.11f1 (99c7afb366b3) revision 10078127'; Using compiler version '192528614'; Build Type 'Release'
OS: 'Windows 10 Pro; OS build 19043.1466; Version 2009; 64bit' Language: 'tr' Physical Memory: 16309 MB
BatchMode: 1, IsHumanControllingUs: 0, StartBugReporterOnCrash: 0, Is64bit: 1, IsPro: 0

 COMMAND LINE ARGUMENTS:
C:\Program Files\Unity\Hub\Editor\2020.3.11f1\Editor\Unity.exe
-adb2
-batchMode
-noUpm
-name
AssetImportWorker0
-projectPath
C:/Users/dasen/Desktop/Unity Genel/egitsel oyun projesi/Hit Stars
-logFile
Logs/AssetImportWorker0.log
-srvPort
52912
Successfully changed project path to: C:/Users/dasen/Desktop/Unity Genel/egitsel oyun projesi/Hit Stars
C:/Users/dasen/Desktop/Unity Genel/egitsel oyun projesi/Hit Stars
Using Asset Import Pipeline V2.
Refreshing native plugins compatible for Editor in 56.08 ms, found 3 plugins.
Preloading 0 native plugins for Editor in 0.00 ms.
Initialize engine version: 2020.3.11f1 (99c7afb366b3)
[Subsystems] Discovering subsystems at path C:/Program Files/Unity/Hub/Editor/2020.3.11f1/Editor/Data/Resources/UnitySubsystems
[Subsystems] Discovering subsystems at path C:/Users/dasen/Desktop/Unity Genel/egitsel oyun projesi/Hit Stars/Assets
GfxDevice: creating device client; threaded=0
Direct3D:
    Version:  Direct3D 11.0 [level 11.1]
    Renderer: NVIDIA GeForce RTX 2060 (ID=0x1f08)
    Vendor:   
    VRAM:     5968 MB
    Driver:   31.0.15.2824
Initialize mono
Mono path[0] = 'C:/Program Files/Unity/Hub/Editor/2020.3.11f1/Editor/Data/Managed'
Mono path[1] = 'C:/Program Files/Unity/Hub/Editor/2020.3.11f1/Editor/Data/MonoBleedingEdge/lib/mono/unityjit'
Mono config path = 'C:/Program Files/Unity/Hub/Editor/2020.3.11f1/Editor/Data/MonoBleedingEdge/etc'
Using monoOptions --debugger-agent=transport=dt_socket,embedding=1,server=y,suspend=n,address=127.0.0.1:56788
Begin MonoManager ReloadAssembly
Registering precompiled unity dll's ...
Register platform support module: C:/Program Files/Unity/Hub/Editor/2020.3.11f1/Editor/Data/PlaybackEngines/WindowsStandaloneSupport/UnityEditor.WindowsStandalone.Extensions.dll
Registered in 0.002286 seconds.
Native extension for WindowsStandalone target not found
Refreshing native plugins compatible for Editor in 45.26 ms, found 3 plugins.
Preloading 0 native plugins for Editor in 0.00 ms.
Mono: successfully reloaded assembly
- Completed reload, in  2.316 seconds
Platform modules already initialized, skipping
Registering precompiled user dll's ...
Registered in 0.008126 seconds.
Begin MonoManager ReloadAssembly
Native extension for WindowsStandalone target not found
Refreshing native plugins compatible for Editor in 44.22 ms, found 3 plugins.
Preloading 0 native plugins for Editor in 0.00 ms.
Mono: successfully reloaded assembly
- Completed reload, in  1.146 seconds
Platform modules already initialized, skipping
========================================================================
Worker process is ready to serve import requests
Launched and connected shader compiler UnityShaderCompiler.exe after 0.05 seconds
Refreshing native plugins compatible for Editor in 0.78 ms, found 3 plugins.
Preloading 0 native plugins for Editor in 0.00 ms.
Unloading 2227 Unused Serialized files (Serialized files now loaded: 0)
System memory in use before: 111.0 MB.
System memory in use after: 111.0 MB.

Unloading 64 unused Assets to reduce memory usage. Loaded Objects now: 2655.
Total: 2.554200 ms (FindLiveObjects: 0.215600 ms CreateObjectMapping: 0.058400 ms MarkObjects: 2.117800 ms  DeleteObjects: 0.161600 ms)

========================================================================
Received Import Request.
  path: Assets/Plugins/Android/launcherTemplate.gradle
  artifactKey: Guid(634b269aefae11d4d95b7644038d55b1) Importer(815301076,1909f56bfc062723c751e8b465ee728b)
Start importing Assets/Plugins/Android/launcherTemplate.gradle using Guid(634b269aefae11d4d95b7644038d55b1) Importer(815301076,1909f56bfc062723c751e8b465ee728b)  -> (artifact id: 'ccebd8884f4a0dea9b718d1f37c16789') in 0.033831 seconds
  Import took 0.038750 seconds .

========================================================================
Received Import Request.
  Time since last request: 74.273400 seconds.
  path: Assets/Plugins/Android/mainTemplate.gradle
  artifactKey: Guid(26af5693fca3f5343aec2c472eb384f1) Importer(815301076,1909f56bfc062723c751e8b465ee728b)
Start importing Assets/Plugins/Android/mainTemplate.gradle using Guid(26af5693fca3f5343aec2c472eb384f1) Importer(815301076,1909f56bfc062723c751e8b465ee728b)  -> (artifact id: 'f134ed8b8d3836212c0db7734ea6cdb1') in 0.007871 seconds
  Import took 0.012980 seconds .

========================================================================
Received Import Request.
  Time since last request: 6.398837 seconds.
  path: Assets/Tiles/Frame.prefab
  artifactKey: Guid(9253008250c1fd640a2f9b3114a774bb) Importer(815301076,1909f56bfc062723c751e8b465ee728b)
Start importing Assets/Tiles/Frame.prefab using Guid(9253008250c1fd640a2f9b3114a774bb) Importer(815301076,1909f56bfc062723c751e8b465ee728b)  -> (artifact id: 'ba6c8d2924de4cef0345d92ce6fa7df1') in 0.028229 seconds
  Import took 0.032716 seconds .

========================================================================
Received Import Request.
  Time since last request: 0.000204 seconds.
  path: Assets/TextMesh Pro/Resources/TMP Settings.asset
  artifactKey: Guid(3f5b5dff67a942289a9defa416b206f3) Importer(815301076,1909f56bfc062723c751e8b465ee728b)
Start importing Assets/TextMesh Pro/Resources/TMP Settings.asset using Guid(3f5b5dff67a942289a9defa416b206f3) Importer(815301076,1909f56bfc062723c751e8b465ee728b)  -> (artifact id: '48c1b5b2a5c51f560115e3359f92e96c') in 0.061784 seconds
  Import took 0.065478 seconds .

========================================================================
Received Import Request.
  Time since last request: 26.598278 seconds.
  path: Assets/Plugins/Android/gradleTemplate.properties
  artifactKey: Guid(58da6185ec217084aa1cea5e28066641) Importer(815301076,1909f56bfc062723c751e8b465ee728b)
Start importing Assets/Plugins/Android/gradleTemplate.properties using Guid(58da6185ec217084aa1cea5e28066641) Importer(815301076,1909f56bfc062723c751e8b465ee728b)  -> (artifact id: '9a61d36e2db4b3e4b8560d4e782d2c66') in 0.010048 seconds
  Import took 0.014201 seconds .

========================================================================
Received Prepare
Registering precompiled user dll's ...
Registered in 0.008018 seconds.
Begin MonoManager ReloadAssembly
Native extension for WindowsStandalone target not found
Refreshing native plugins compatible for Editor in 0.89 ms, found 3 plugins.
Preloading 0 native plugins for Editor in 0.00 ms.
Mono: successfully reloaded assembly
- Completed reload, in  1.015 seconds
Platform modules already initialized, skipping
Switching build target platform(19) subTarget(0) extendedPlatform(0) -> platform(13) subTarget(537395200) extendedPlatform(0)
Refreshing native plugins compatible for Editor in 0.83 ms, found 3 plugins.
Preloading 0 native plugins for Editor in 0.00 ms.
Unloading 2211 Unused Serialized files (Serialized files now loaded: 0)
System memory in use before: 109.6 MB.
System memory in use after: 109.6 MB.

Unloading 53 unused Assets to reduce memory usage. Loaded Objects now: 2659.
Total: 3.153000 ms (FindLiveObjects: 0.335600 ms CreateObjectMapping: 0.061100 ms MarkObjects: 2.593700 ms  DeleteObjects: 0.160900 ms)

AssetImportParameters requested are different than current active one (requested -> active):
  custom:graphics/normal-map-encoding: 01000000000000000000000000000000 -> 02000000000000000000000000000000
========================================================================
Received Prepare
Refreshing native plugins compatible for Editor in 13.17 ms, found 3 plugins.
Preloading 0 native plugins for Editor in 0.00 ms.
Unloading 51 Unused Serialized files (Serialized files now loaded: 0)
System memory in use before: 67.3 MB.
System memory in use after: 67.3 MB.

Unloading 51 unused Assets to reduce memory usage. Loaded Objects now: 2659.
Total: 2.381100 ms (FindLiveObjects: 0.258100 ms CreateObjectMapping: 0.053800 ms MarkObjects: 1.945500 ms  DeleteObjects: 0.122600 ms)

========================================================================
Received Prepare
Refreshing native plugins compatible for Editor in 16.28 ms, found 3 plugins.
Preloading 0 native plugins for Editor in 0.00 ms.
Unloading 51 Unused Serialized files (Serialized files now loaded: 0)
System memory in use before: 67.3 MB.
System memory in use after: 67.3 MB.

Unloading 51 unused Assets to reduce memory usage. Loaded Objects now: 2659.
Total: 2.513100 ms (FindLiveObjects: 0.266600 ms CreateObjectMapping: 0.057700 ms MarkObjects: 2.049100 ms  DeleteObjects: 0.139100 ms)

========================================================================
Received Prepare
Refreshing native plugins compatible for Editor in 13.14 ms, found 3 plugins.
Preloading 0 native plugins for Editor in 0.00 ms.
Unloading 51 Unused Serialized files (Serialized files now loaded: 0)
System memory in use before: 67.3 MB.
System memory in use after: 67.3 MB.

Unloading 51 unused Assets to reduce memory usage. Loaded Objects now: 2659.
Total: 2.359000 ms (FindLiveObjects: 0.215500 ms CreateObjectMapping: 0.057800 ms MarkObjects: 1.967400 ms  DeleteObjects: 0.117400 ms)

AssetImportWorkerClient::OnTransportError - code=2 error=End of file
