Using pre-set license
Built from '2020.3/staging' branch; Version is '2020.3.11f1 (99c7afb366b3) revision 10078127'; Using compiler version '192528614'; Build Type 'Release'
OS: 'Windows 10 Pro; OS build 19043.1466; Version 2009; 64bit' Language: 'tr' Physical Memory: 16309 MB
BatchMode: 1, IsHumanControllingUs: 0, StartBugReporterOnCrash: 0, Is64bit: 1, IsPro: 0

 COMMAND LINE ARGUMENTS:
C:\Program Files\Unity\Hub\Editor\2020.3.11f1\Editor\Unity.exe
-adb2
-batchMode
-noUpm
-name
AssetImportWorker0
-projectPath
C:/Users/dasen/Desktop/Unity Genel/egitsel oyun projesi/Hit Stars
-logFile
Logs/AssetImportWorker0.log
-srvPort
56387
Successfully changed project path to: C:/Users/dasen/Desktop/Unity Genel/egitsel oyun projesi/Hit Stars
C:/Users/dasen/Desktop/Unity Genel/egitsel oyun projesi/Hit Stars
Using Asset Import Pipeline V2.
Refreshing native plugins compatible for Editor in 50.40 ms, found 3 plugins.
Preloading 0 native plugins for Editor in 0.00 ms.
Initialize engine version: 2020.3.11f1 (99c7afb366b3)
[Subsystems] Discovering subsystems at path C:/Program Files/Unity/Hub/Editor/2020.3.11f1/Editor/Data/Resources/UnitySubsystems
[Subsystems] Discovering subsystems at path C:/Users/dasen/Desktop/Unity Genel/egitsel oyun projesi/Hit Stars/Assets
GfxDevice: creating device client; threaded=0
Direct3D:
    Version:  Direct3D 11.0 [level 11.1]
    Renderer: NVIDIA GeForce RTX 2060 (ID=0x1f08)
    Vendor:   
    VRAM:     5968 MB
    Driver:   31.0.15.2824
Initialize mono
Mono path[0] = 'C:/Program Files/Unity/Hub/Editor/2020.3.11f1/Editor/Data/Managed'
Mono path[1] = 'C:/Program Files/Unity/Hub/Editor/2020.3.11f1/Editor/Data/MonoBleedingEdge/lib/mono/unityjit'
Mono config path = 'C:/Program Files/Unity/Hub/Editor/2020.3.11f1/Editor/Data/MonoBleedingEdge/etc'
Using monoOptions --debugger-agent=transport=dt_socket,embedding=1,server=y,suspend=n,address=127.0.0.1:56840
Begin MonoManager ReloadAssembly
Registering precompiled unity dll's ...
Register platform support module: C:/Program Files/Unity/Hub/Editor/2020.3.11f1/Editor/Data/PlaybackEngines/WindowsStandaloneSupport/UnityEditor.WindowsStandalone.Extensions.dll
Registered in 0.002308 seconds.
Native extension for WindowsStandalone target not found
Refreshing native plugins compatible for Editor in 57.18 ms, found 3 plugins.
Preloading 0 native plugins for Editor in 0.00 ms.
Mono: successfully reloaded assembly
- Completed reload, in  2.265 seconds
Platform modules already initialized, skipping
Registering precompiled user dll's ...
Registered in 0.007974 seconds.
Begin MonoManager ReloadAssembly
Native extension for WindowsStandalone target not found
Refreshing native plugins compatible for Editor in 49.29 ms, found 3 plugins.
Preloading 0 native plugins for Editor in 0.00 ms.
Mono: successfully reloaded assembly
- Completed reload, in  1.222 seconds
Platform modules already initialized, skipping
========================================================================
Worker process is ready to serve import requests
Launched and connected shader compiler UnityShaderCompiler.exe after 0.05 seconds
Refreshing native plugins compatible for Editor in 0.95 ms, found 3 plugins.
Preloading 0 native plugins for Editor in 0.00 ms.
Unloading 2325 Unused Serialized files (Serialized files now loaded: 0)
System memory in use before: 114.6 MB.
System memory in use after: 114.7 MB.

Unloading 38 unused Assets to reduce memory usage. Loaded Objects now: 2771.
Total: 3.766700 ms (FindLiveObjects: 0.446100 ms CreateObjectMapping: 0.115000 ms MarkObjects: 2.988300 ms  DeleteObjects: 0.215600 ms)

========================================================================
Received Import Request.
  path: Assets/notes.txt
  artifactKey: Guid(aae15cc7057c0b54b854e81a5a47df83) Importer(815301076,1909f56bfc062723c751e8b465ee728b)
Start importing Assets/notes.txt using Guid(aae15cc7057c0b54b854e81a5a47df83) Importer(815301076,1909f56bfc062723c751e8b465ee728b)  -> (artifact id: '21a2d6e25bbc399432da3d19017a0e5e') in 0.057095 seconds
  Import took 0.063645 seconds .

========================================================================
Received Import Request.
  Time since last request: 713.958043 seconds.
  path: Assets/notes.txt
  artifactKey: Guid(aae15cc7057c0b54b854e81a5a47df83) Importer(815301076,1909f56bfc062723c751e8b465ee728b)
Start importing Assets/notes.txt using Guid(aae15cc7057c0b54b854e81a5a47df83) Importer(815301076,1909f56bfc062723c751e8b465ee728b)  -> (artifact id: 'a9a328539fccb5b50e5cfd5b9a6d2124') in 0.010393 seconds
  Import took 0.014651 seconds .

AssetImportWorkerClient::OnTransportError - code=2 error=End of file
